# JRE version: Java(TM) SE Runtime Environment (8.0_51-b16) (build 1.8.0_51-b16)
# Java VM: Java HotSpot(TM) 64-Bit Server VM (25.51-b03 mixed mode windows-amd64 compressed oops)
Heap:
 PSYoungGen      total 221184K, used 7003K [0x00000000d6000000, 0x00000000ea180000, 0x0000000100000000)
  eden space 191488K, 3% used [0x00000000d6000000,0x00000000d66d6dd8,0x00000000e1b00000)
  from space 29696K, 0% used [0x00000000e1b00000,0x00000000e1b00000,0x00000000e3800000)
  to   space 29184K, 0% used [0x00000000e8500000,0x00000000e8500000,0x00000000ea180000)
 ParOldGen       total 117760K, used 29884K [0x0000000082000000, 0x0000000089300000, 0x00000000d6000000)
  object space 117760K, 25% used [0x0000000082000000,0x0000000083d2f1b8,0x0000000089300000)
 Metaspace       used 39904K, capacity 41384K, committed 41776K, reserved 1085440K
  class space    used 4897K, capacity 5331K, committed 5424K, reserved 1048576K
GC Heap History (10 events):
Event: 5.033 GC heap before
{Heap before GC invocations=10 (full 1):
 PSYoungGen      total 154112K, used 151985K [0x00000000d6000000, 0x00000000e0e80000, 0x0000000100000000)
  eden space 139776K, 100% used [0x00000000d6000000,0x00000000de880000,0x00000000de880000)
  from space 14336K, 85% used [0x00000000df780000,0x00000000e036c778,0x00000000e0580000)
  to   space 15360K, 0% used [0x00000000de880000,0x00000000de880000,0x00000000df780000)
 ParOldGen       total 65024K, used 14506K [0x0000000082000000, 0x0000000085f80000, 0x00000000d6000000)
  object space 65024K, 22% used [0x0000000082000000,0x0000000082e2ab88,0x0000000085f80000)
 Metaspace       used 32914K, capacity 34222K, committed 34480K, reserved 1079296K
  class space    used 4056K, capacity 4473K, committed 4528K, reserved 1048576K
Event: 5.086 GC heap after
Heap after GC invocations=10 (full 1):
 PSYoungGen      total 155136K, used 15352K [0x00000000d6000000, 0x00000000e5280000, 0x0000000100000000)
  eden space 139776K, 0% used [0x00000000d6000000,0x00000000d6000000,0x00000000de880000)
  from space 15360K, 99% used [0x00000000de880000,0x00000000df77e0e0,0x00000000df780000)
  to   space 27136K, 0% used [0x00000000e3800000,0x00000000e3800000,0x00000000e5280000)
 ParOldGen       total 65024K, used 39352K [0x0000000082000000, 0x0000000085f80000, 0x00000000d6000000)
  object space 65024K, 60% used [0x0000000082000000,0x000000008466e270,0x0000000085f80000)
 Metaspace       used 32914K, capacity 34222K, committed 34480K, reserved 1079296K
  class space    used 4056K, capacity 4473K, committed 4528K, reserved 1048576K
}
Event: 5.668 GC heap before
{Heap before GC invocations=11 (full 1):
 PSYoungGen      total 155136K, used 123148K [0x00000000d6000000, 0x00000000e5280000, 0x0000000100000000)
  eden space 139776K, 77% used [0x00000000d6000000,0x00000000dc9452c0,0x00000000de880000)
  from space 15360K, 99% used [0x00000000de880000,0x00000000df77e0e0,0x00000000df780000)
  to   space 27136K, 0% used [0x00000000e3800000,0x00000000e3800000,0x00000000e5280000)
 ParOldGen       total 65024K, used 39352K [0x0000000082000000, 0x0000000085f80000, 0x00000000d6000000)
  object space 65024K, 60% used [0x0000000082000000,0x000000008466e270,0x0000000085f80000)
 Metaspace       used 33932K, capacity 35306K, committed 35496K, reserved 1081344K
  class space    used 4184K, capacity 4611K, committed 4656K, reserved 1048576K
Event: 5.730 GC heap after
Heap after GC invocations=11 (full 1):
 PSYoungGen      total 218624K, used 23538K [0x00000000d6000000, 0x00000000e5d00000, 0x0000000100000000)
  eden space 191488K, 0% used [0x00000000d6000000,0x00000000d6000000,0x00000000e1b00000)
  from space 27136K, 86% used [0x00000000e3800000,0x00000000e4efc8f0,0x00000000e5280000)
  to   space 29696K, 0% used [0x00000000e1b00000,0x00000000e1b00000,0x00000000e3800000)
 ParOldGen       total 65024K, used 45903K [0x0000000082000000, 0x0000000085f80000, 0x00000000d6000000)
  object space 65024K, 70% used [0x0000000082000000,0x0000000084cd3fd0,0x0000000085f80000)
 Metaspace       used 33932K, capacity 35306K, committed 35496K, reserved 1081344K
  class space    used 4184K, capacity 4611K, committed 4656K, reserved 1048576K
}
Event: 5.730 GC heap before
{Heap before GC invocations=12 (full 2):
 PSYoungGen      total 218624K, used 23538K [0x00000000d6000000, 0x00000000e5d00000, 0x0000000100000000)
  eden space 191488K, 0% used [0x00000000d6000000,0x00000000d6000000,0x00000000e1b00000)
  from space 27136K, 86% used [0x00000000e3800000,0x00000000e4efc8f0,0x00000000e5280000)
  to   space 29696K, 0% used [0x00000000e1b00000,0x00000000e1b00000,0x00000000e3800000)
 ParOldGen       total 65024K, used 45903K [0x0000000082000000, 0x0000000085f80000, 0x00000000d6000000)
  object space 65024K, 70% used [0x0000000082000000,0x0000000084cd3fd0,0x0000000085f80000)
 Metaspace       used 33932K, capacity 35306K, committed 35496K, reserved 1081344K
  class space    used 4184K, capacity 4611K, committed 4656K, reserved 1048576K
Event: 5.844 GC heap after
Heap after GC invocations=12 (full 2):
 PSYoungGen      total 218624K, used 0K [0x00000000d6000000, 0x00000000e5d00000, 0x0000000100000000)
  eden space 191488K, 0% used [0x00000000d6000000,0x00000000d6000000,0x00000000e1b00000)
  from space 27136K, 0% used [0x00000000e3800000,0x00000000e3800000,0x00000000e5280000)
  to   space 29696K, 0% used [0x00000000e1b00000,0x00000000e1b00000,0x00000000e3800000)
 ParOldGen       total 117760K, used 39970K [0x0000000082000000, 0x0000000089300000, 0x00000000d6000000)
  object space 117760K, 33% used [0x0000000082000000,0x00000000847088b0,0x0000000089300000)
 Metaspace       used 33932K, capacity 35306K, committed 35496K, reserved 1081344K
  class space    used 4184K, capacity 4611K, committed 4656K, reserved 1048576K
}
Event: 6.629 GC heap before
{Heap before GC invocations=13 (full 2):
 PSYoungGen      total 218624K, used 63342K [0x00000000d6000000, 0x00000000e5d00000, 0x0000000100000000)
  eden space 191488K, 33% used [0x00000000d6000000,0x00000000d9ddb918,0x00000000e1b00000)
  from space 27136K, 0% used [0x00000000e3800000,0x00000000e3800000,0x00000000e5280000)
  to   space 29696K, 0% used [0x00000000e1b00000,0x00000000e1b00000,0x00000000e3800000)
 ParOldGen       total 117760K, used 39970K [0x0000000082000000, 0x0000000089300000, 0x00000000d6000000)
  object space 117760K, 33% used [0x0000000082000000,0x00000000847088b0,0x0000000089300000)
 Metaspace       used 39888K, capacity 41384K, committed 41776K, reserved 1085440K
  class space    used 4896K, capacity 5331K, committed 5424K, reserved 1048576K
Event: 6.636 GC heap after
Heap after GC invocations=13 (full 2):
 PSYoungGen      total 221184K, used 6991K [0x00000000d6000000, 0x00000000ea180000, 0x0000000100000000)
  eden space 191488K, 0% used [0x00000000d6000000,0x00000000d6000000,0x00000000e1b00000)
  from space 29696K, 23% used [0x00000000e1b00000,0x00000000e21d3ea8,0x00000000e3800000)
  to   space 29184K, 0% used [0x00000000e8500000,0x00000000e8500000,0x00000000ea180000)
 ParOldGen       total 117760K, used 39978K [0x0000000082000000, 0x0000000089300000, 0x00000000d6000000)
  object space 117760K, 33% used [0x0000000082000000,0x000000008470a8b0,0x0000000089300000)
 Metaspace       used 39888K, capacity 41384K, committed 41776K, reserved 1085440K
  class space    used 4896K, capacity 5331K, committed 5424K, reserved 1048576K
}
Event: 6.636 GC heap before
{Heap before GC invocations=14 (full 3):
 PSYoungGen      total 221184K, used 6991K [0x00000000d6000000, 0x00000000ea180000, 0x0000000100000000)
  eden space 191488K, 0% used [0x00000000d6000000,0x00000000d6000000,0x00000000e1b00000)
  from space 29696K, 23% used [0x00000000e1b00000,0x00000000e21d3ea8,0x00000000e3800000)
  to   space 29184K, 0% used [0x00000000e8500000,0x00000000e8500000,0x00000000ea180000)
 ParOldGen       total 117760K, used 39978K [0x0000000082000000, 0x0000000089300000, 0x00000000d6000000)
  object space 117760K, 33% used [0x0000000082000000,0x000000008470a8b0,0x0000000089300000)
 Metaspace       used 39888K, capacity 41384K, committed 41776K, reserved 1085440K
  class space    used 4896K, capacity 5331K, committed 5424K, reserved 1048576K
Event: 6.759 GC heap after
Heap after GC invocations=14 (full 3):
 PSYoungGen      total 221184K, used 0K [0x00000000d6000000, 0x00000000ea180000, 0x0000000100000000)
  eden space 191488K, 0% used [0x00000000d6000000,0x00000000d6000000,0x00000000e1b00000)
  from space 29696K, 0% used [0x00000000e1b00000,0x00000000e1b00000,0x00000000e3800000)
  to   space 29184K, 0% used [0x00000000e8500000,0x00000000e8500000,0x00000000ea180000)
 ParOldGen       total 117760K, used 29884K [0x0000000082000000, 0x0000000089300000, 0x00000000d6000000)
  object space 117760K, 25% used [0x0000000082000000,0x0000000083d2f1b8,0x0000000089300000)
 Metaspace       used 39888K, capacity 41384K, committed 41776K, reserved 1085440K
  class space    used 4896K, capacity 5331K, committed 5424K, reserved 1048576K
}

